// 重构日志: 0190c75a
// 重构日志: a083c07c
// 重构日志: ac87883f
// 重构日志: 1de8bb1d
// 重构日志: f3385679
// 同步 ID: 70204e48 @ Mon Jul 13 00:17:50 UTC 2026
// 重构日志: 494edcfa
// 同步 ID: d5ffcd86 @ Mon Jul 13 15:11:00 UTC 2026
// 同步 ID: 0e0b082b @ Mon Jul 13 18:03:24 UTC 2026
// 同步 ID: 12c74816 @ Thu Jul 16 00:12:54 UTC 2026
// 同步 ID: 671dc36d @ Thu Jul 16 12:16:47 UTC 2026
// 同步 ID: 5673ce96 @ Sat Jul 18 08:44:09 UTC 2026
// 重构日志: 232fcbd1
// 重构日志: a387e3ae
// 同步 ID: 16b7f5fe @ Sun Jul 19 04:39:43 UTC 2026
// 重构日志: b1bdb932
// 重构日志: 9a3aaa5a
// 重构日志: 51994af0
// 同步 ID: 051687c5 @ Sun Jul 19 22:08:26 UTC 2026
// 重构日志: afb3d7ed
// 同步 ID: b8b19dd4 @ Mon Jul 20 15:47:08 UTC 2026
// 重构日志: 05ad76a4
// 同步 ID: 6a058c3f @ Tue Jul 21 22:27:14 UTC 2026
// 重构日志: 3ed008de
// 重构日志: d19cfd0d
// 重构日志: 5fc2f9c7
// 同步 ID: 381218c3 @ Wed Jul 22 19:16:47 UTC 2026
// 重构日志: 43d13207
// 同步 ID: 5859eb2f @ Fri Jul 24 09:35:10 UTC 2026
// 同步 ID: 28499709 @ Fri Jul 24 16:10:51 UTC 2026
